app/build/outputs/logs/manifest-merger-debug-report.txt
-- Merging decision tree log ---
manifest
ADDED from src/main/AndroidManifest.xml:3:1-162:12
INJECTED from src/main/AndroidManifest.xml:3:1-162:12
INJECTED from src/main/AndroidManifest.xml:3:1-162:12
	package
		ADDED from src/main/AndroidManifest.xml:5:5-34
		INJECTED from src/main/AndroidManifest.xml
		INJECTED from src/main/AndroidManifest.xml
	xmlns:android
		ADDED from src/main/AndroidManifest.xml:4:5-63
uses-sdk
ADDED from src/main/AndroidManifest.xml:7:5-9:41
INJECTED from src/main/AndroidManifest.xml:7:5-9:41
INJECTED from src/main/AndroidManifest.xml:7:5-9:41
INJECTED from src/main/AndroidManifest.xml:7:5-9:41
INJECTED from src/main/AndroidManifest.xml:7:5-9:41
	android:targetSdkVersion
		ADDED from src/main/AndroidManifest.xml:9:9-38
		INJECTED from src/main/AndroidManifest.xml
		INJECTED from src/main/AndroidManifest.xml
	android:minSdkVersion
		ADDED from src/main/AndroidManifest.xml:8:9-35
		INJECTED from src/main/AndroidManifest.xml
		INJECTED from src/main/AndroidManifest.xml
uses-permission#android.permission.ACCESS_COARSE_LOCATION
ADDED from src/main/AndroidManifest.xml:11:5-81
	android:name
		ADDED from src/main/AndroidManifest.xml:11:22-78
uses-permission#android.permission.ACCESS_FINE_LOCATION
ADDED from src/main/AndroidManifest.xml:12:5-79
	android:name
		ADDED from src/main/AndroidManifest.xml:12:22-76
uses-permission#android.permission.ACCESS_NETWORK_STATE
ADDED from src/main/AndroidManifest.xml:13:5-79
	android:name
		ADDED from src/main/AndroidManifest.xml:13:22-76
uses-permission#android.permission.ACCESS_WIFI_STATE
ADDED from src/main/AndroidManifest.xml:14:5-76
	android:name
		ADDED from src/main/AndroidManifest.xml:14:22-73
uses-permission#android.permission.BIND_WALLPAPER
ADDED from src/main/AndroidManifest.xml:15:5-73
	android:name
		ADDED from src/main/AndroidManifest.xml:15:22-70
uses-permission#android.permission.CAMERA
ADDED from src/main/AndroidManifest.xml:16:5-65
	android:name
		ADDED from src/main/AndroidManifest.xml:16:22-62
uses-permission#android.permission.CHANGE_WIFI_STATE
ADDED from src/main/AndroidManifest.xml:17:5-76
	android:name
		ADDED from src/main/AndroidManifest.xml:17:22-73
uses-permission#android.permission.INTERNET
ADDED from src/main/AndroidManifest.xml:18:5-67
	android:name
		ADDED from src/main/AndroidManifest.xml:18:22-64
uses-permission#android.permission.NFC
ADDED from src/main/AndroidManifest.xml:19:5-62
	android:name
		ADDED from src/main/AndroidManifest.xml:19:22-59
uses-permission#android.permission.READ_SYNC_SETTINGS
ADDED from src/main/AndroidManifest.xml:20:5-77
	android:name
		ADDED from src/main/AndroidManifest.xml:20:22-74
uses-permission#android.permission.RECEIVE_BOOT_COMPLETED
ADDED from src/main/AndroidManifest.xml:21:5-81
	android:name
		ADDED from src/main/AndroidManifest.xml:21:22-78
uses-permission#android.permission.RECORD_AUDIO
ADDED from src/main/AndroidManifest.xml:22:5-71
	android:name
		ADDED from src/main/AndroidManifest.xml:22:22-68
uses-permission#android.permission.SET_WALLPAPER
ADDED from src/main/AndroidManifest.xml:23:5-72
	android:name
		ADDED from src/main/AndroidManifest.xml:23:22-69
uses-permission#android.permission.SUBSCRIBED_FEEDS_READ
ADDED from src/main/AndroidManifest.xml:24:5-80
	android:name
		ADDED from src/main/AndroidManifest.xml:24:22-77
uses-permission#android.permission.SUBSCRIBED_FEEDS_WRITE
ADDED from src/main/AndroidManifest.xml:25:5-81
	android:name
		ADDED from src/main/AndroidManifest.xml:25:22-78
uses-permission#android.permission.USE_CREDENTIALS
ADDED from src/main/AndroidManifest.xml:26:5-74
	android:name
		ADDED from src/main/AndroidManifest.xml:26:22-71
uses-permission#android.permission.VIBRATE
ADDED from src/main/AndroidManifest.xml:27:5-66
	android:name
		ADDED from src/main/AndroidManifest.xml:27:22-63
uses-permission#android.permission.WAKE_LOCK
ADDED from src/main/AndroidManifest.xml:28:5-68
	android:name
		ADDED from src/main/AndroidManifest.xml:28:22-65
uses-permission#android.permission.WRITE_EXTERNAL_STORAGE
ADDED from src/main/AndroidManifest.xml:29:5-81
	android:name
		ADDED from src/main/AndroidManifest.xml:29:22-78
uses-permission#android.permission.WRITE_SETTINGS
ADDED from src/main/AndroidManifest.xml:30:5-73
	android:name
		ADDED from src/main/AndroidManifest.xml:30:22-70
uses-permission#android.permission.WRITE_SYNC_SETTINGS
ADDED from src/main/AndroidManifest.xml:31:5-78
	android:name
		ADDED from src/main/AndroidManifest.xml:31:22-75
supports-screens
ADDED from src/main/AndroidManifest.xml:33:5-37:40
	android:largeScreens
		ADDED from src/main/AndroidManifest.xml:35:9-36
	android:smallScreens
		ADDED from src/main/AndroidManifest.xml:37:9-37
	android:normalScreens
		ADDED from src/main/AndroidManifest.xml:36:9-37
	android:anyDensity
		ADDED from src/main/AndroidManifest.xml:34:9-34
application
ADDED from src/main/AndroidManifest.xml:39:5-160:19
	android:supportsRtl
		ADDED from src/main/AndroidManifest.xml:47:9-35
	android:label
		ADDED from src/main/AndroidManifest.xml:43:9-41
	android:hardwareAccelerated
		ADDED from src/main/AndroidManifest.xml:41:9-43
	android:resizeableActivity
		ADDED from src/main/AndroidManifest.xml:45:9-43
	android:restoreAnyVersion
		ADDED from src/main/AndroidManifest.xml:46:9-41
	android:largeHeap
		ADDED from src/main/AndroidManifest.xml:44:9-33
	android:icon
		ADDED from src/main/AndroidManifest.xml:42:9-49
	android:theme
		ADDED from src/main/AndroidManifest.xml:48:9-44
	android:usesCleartextTraffic
		ADDED from src/main/AndroidManifest.xml:49:9-45
	android:name
		ADDED from src/main/AndroidManifest.xml:40:9-56
activity#com.android.camera.CameraActivity
ADDED from src/main/AndroidManifest.xml:50:9-71:20
	android:clearTaskOnLaunch
		ADDED from src/main/AndroidManifest.xml:52:13-45
	android:label
		ADDED from src/main/AndroidManifest.xml:54:13-45
	android:launchMode
		ADDED from src/main/AndroidManifest.xml:55:13-44
	android:windowSoftInputMode
		ADDED from src/main/AndroidManifest.xml:58:13-70
	android:configChanges
		ADDED from src/main/AndroidManifest.xml:53:13-74
	android:theme
		ADDED from src/main/AndroidManifest.xml:57:13-48
	android:taskAffinity
		ADDED from src/main/AndroidManifest.xml:56:13-69
	android:name
		ADDED from src/main/AndroidManifest.xml:51:13-61
intent-filter#android.intent.category.DEFAULT+android.media.action.STILL_IMAGE_CAMERA
ADDED from src/main/AndroidManifest.xml:59:13-62:29
action#android.media.action.STILL_IMAGE_CAMERA
ADDED from src/main/AndroidManifest.xml:60:17-82
	android:name
		ADDED from src/main/AndroidManifest.xml:60:25-79
category#android.intent.category.DEFAULT
ADDED from src/main/AndroidManifest.xml:61:17-76
	android:name
		ADDED from src/main/AndroidManifest.xml:61:27-73
intent-filter#android.intent.action.MAIN+android.intent.category.DEFAULT
ADDED from src/main/AndroidManifest.xml:63:13-66:29
action#android.intent.action.MAIN
ADDED from src/main/AndroidManifest.xml:64:17-69
	android:name
		ADDED from src/main/AndroidManifest.xml:64:25-66
meta-data#com.android.keyguard.layout
ADDED from src/main/AndroidManifest.xml:68:13-70:62
	android:resource
		ADDED from src/main/AndroidManifest.xml:70:17-59
	android:name
		ADDED from src/main/AndroidManifest.xml:69:17-59
activity#com.android.camera.PermissionsActivity
ADDED from src/main/AndroidManifest.xml:73:9-81:20
	android:parentActivityName
		ADDED from src/main/AndroidManifest.xml:77:17-79
	android:label
		ADDED from src/main/AndroidManifest.xml:75:17-49
	android:excludeFromRecents
		ADDED from src/main/AndroidManifest.xml:76:17-50
	android:name
		ADDED from src/main/AndroidManifest.xml:74:17-70
meta-data#android.support.PARENT_ACTIVITY
ADDED from src/main/AndroidManifest.xml:78:13-80:73
	android:value
		ADDED from src/main/AndroidManifest.xml:80:21-70
	android:name
		ADDED from src/main/AndroidManifest.xml:79:21-67
activity-alias#com.android.camera.CameraLauncher
ADDED from src/main/AndroidManifest.xml:83:9-93:26
	android:label
		ADDED from src/main/AndroidManifest.xml:85:13-45
	android:targetActivity
		ADDED from src/main/AndroidManifest.xml:86:13-71
	android:name
		ADDED from src/main/AndroidManifest.xml:84:13-61
intent-filter#android.intent.action.MAIN+android.intent.category.DEFAULT+android.intent.category.LAUNCHER
ADDED from src/main/AndroidManifest.xml:87:13-92:29
category#android.intent.category.LAUNCHER
ADDED from src/main/AndroidManifest.xml:91:17-77
	android:name
		ADDED from src/main/AndroidManifest.xml:91:27-74
activity#com.android.camera.CaptureActivity
ADDED from src/main/AndroidManifest.xml:95:9-106:20
	android:label
		ADDED from src/main/AndroidManifest.xml:97:13-45
	android:windowSoftInputMode
		ADDED from src/main/AndroidManifest.xml:100:13-70
	android:visibleToInstantApps
		ADDED from src/main/AndroidManifest.xml:101:13-48
	android:configChanges
		ADDED from src/main/AndroidManifest.xml:99:13-74
	android:theme
		ADDED from src/main/AndroidManifest.xml:98:13-48
	android:name
		ADDED from src/main/AndroidManifest.xml:96:13-62
intent-filter#android.intent.category.DEFAULT+android.media.action.IMAGE_CAPTURE
ADDED from src/main/AndroidManifest.xml:102:13-105:29
action#android.media.action.IMAGE_CAPTURE
ADDED from src/main/AndroidManifest.xml:103:17-77
	android:name
		ADDED from src/main/AndroidManifest.xml:103:25-74
activity-alias#com.android.camera.VideoCamera
ADDED from src/main/AndroidManifest.xml:109:9-121:26
	android:label
		ADDED from src/main/AndroidManifest.xml:111:13-55
	android:targetActivity
		ADDED from src/main/AndroidManifest.xml:112:13-72
	android:name
		ADDED from src/main/AndroidManifest.xml:110:13-58
intent-filter#android.intent.category.DEFAULT+android.media.action.VIDEO_CAMERA
ADDED from src/main/AndroidManifest.xml:113:13-116:29
action#android.media.action.VIDEO_CAMERA
ADDED from src/main/AndroidManifest.xml:114:17-76
	android:name
		ADDED from src/main/AndroidManifest.xml:114:25-73
intent-filter#android.intent.category.DEFAULT+android.media.action.VIDEO_CAPTURE
ADDED from src/main/AndroidManifest.xml:117:13-120:29
action#android.media.action.VIDEO_CAPTURE
ADDED from src/main/AndroidManifest.xml:118:17-77
	android:name
		ADDED from src/main/AndroidManifest.xml:118:25-74
activity#com.android.camera.SecureCameraActivity
ADDED from src/main/AndroidManifest.xml:123:9-146:20
	android:clearTaskOnLaunch
		ADDED from src/main/AndroidManifest.xml:125:13-45
	android:label
		ADDED from src/main/AndroidManifest.xml:128:13-45
	android:excludeFromRecents
		ADDED from src/main/AndroidManifest.xml:127:13-46
	android:windowSoftInputMode
		ADDED from src/main/AndroidManifest.xml:131:13-70
	android:configChanges
		ADDED from src/main/AndroidManifest.xml:126:13-74
	android:theme
		ADDED from src/main/AndroidManifest.xml:130:13-54
	android:taskAffinity
		ADDED from src/main/AndroidManifest.xml:129:13-75
	android:name
		ADDED from src/main/AndroidManifest.xml:124:13-67
intent-filter#android.intent.category.DEFAULT+android.media.action.STILL_IMAGE_CAMERA_SECURE
ADDED from src/main/AndroidManifest.xml:132:13-136:29
action#android.media.action.STILL_IMAGE_CAMERA_SECURE
ADDED from src/main/AndroidManifest.xml:133:17-89
	android:name
		ADDED from src/main/AndroidManifest.xml:133:25-86
intent-filter#android.intent.category.DEFAULT+android.media.action.IMAGE_CAPTURE_SECURE
ADDED from src/main/AndroidManifest.xml:137:13-141:29
action#android.media.action.IMAGE_CAPTURE_SECURE
ADDED from src/main/AndroidManifest.xml:138:17-84
	android:name
		ADDED from src/main/AndroidManifest.xml:138:25-81
activity#com.android.camera.settings.CameraSettingsActivity
ADDED from src/main/AndroidManifest.xml:148:9-153:20
	android:label
		ADDED from src/main/AndroidManifest.xml:150:13-50
	android:configChanges
		ADDED from src/main/AndroidManifest.xml:152:13-74
	android:theme
		ADDED from src/main/AndroidManifest.xml:151:13-56
	android:name
		ADDED from src/main/AndroidManifest.xml:149:13-78
receiver#com.android.camera.DisableCameraReceiver
ADDED from src/main/AndroidManifest.xml:155:9-159:20
	android:name
		ADDED from src/main/AndroidManifest.xml:155:19-74
intent-filter#android.intent.action.BOOT_COMPLETED
ADDED from src/main/AndroidManifest.xml:156:13-158:29
action#android.intent.action.BOOT_COMPLETED
ADDED from src/main/AndroidManifest.xml:157:17-79
	android:name
		ADDED from src/main/AndroidManifest.xml:157:25-76